2025-02-13T16:48:47.558+0800	ERROR	service/user.go:92	Error: username conflict. Info: user_info=&{Model:{ID:13 CreatedAt:0001-01-01 00:00:00 +0000 UTC UpdatedAt:0001-01-01 00:00:00 +0000 UTC DeletedAt:{Time:0001-01-01 00:00:00 +0000 UTC Valid:false}} Username:jinkai Password:jinkai}.
2025-02-13T16:53:05.548+0800	ERROR	service/user.go:92	Error: username conflict. Info: user_info=&{Model:{ID:13 CreatedAt:0001-01-01 00:00:00 +0000 UTC UpdatedAt:0001-01-01 00:00:00 +0000 UTC DeletedAt:{Time:0001-01-01 00:00:00 +0000 UTC Valid:false}} Username:jinkai Password:jinkai}.
2025-02-13T16:53:59.986+0800	ERROR	service/user.go:92	Error: username conflict. Info: user_info=&{Model:{ID:13 CreatedAt:0001-01-01 00:00:00 +0000 UTC UpdatedAt:0001-01-01 00:00:00 +0000 UTC DeletedAt:{Time:0001-01-01 00:00:00 +0000 UTC Valid:false}} Username:jinkai Password:jinkai}.
2025-02-13T16:56:40.162+0800	ERROR	service/user.go:92	Error: username conflict. Info: user_info=&{Model:{ID:13 CreatedAt:0001-01-01 00:00:00 +0000 UTC UpdatedAt:0001-01-01 00:00:00 +0000 UTC DeletedAt:{Time:0001-01-01 00:00:00 +0000 UTC Valid:false}} Username:jinkai Password:jinkai}.
2025-02-13T16:57:12.156+0800	ERROR	service/user.go:92	Error: username conflict. Info: user_info=&{Model:{ID:13 CreatedAt:0001-01-01 00:00:00 +0000 UTC UpdatedAt:0001-01-01 00:00:00 +0000 UTC DeletedAt:{Time:0001-01-01 00:00:00 +0000 UTC Valid:false}} Username:jinkai Password:jinkai}.
2025-02-13T16:59:31.418+0800	ERROR	service/user.go:92	Error: username conflict. Info: user_info=&{Model:{ID:13 CreatedAt:0001-01-01 00:00:00 +0000 UTC UpdatedAt:0001-01-01 00:00:00 +0000 UTC DeletedAt:{Time:0001-01-01 00:00:00 +0000 UTC Valid:false}} Username:jinkai Password:jinkai}.
2025-02-14T16:12:57.550+0800	ERROR	service/user.go:92	Error: username conflict. Info: user_info=&{Model:{ID:13 CreatedAt:0001-01-01 00:00:00 +0000 UTC UpdatedAt:0001-01-01 00:00:00 +0000 UTC DeletedAt:{Time:0001-01-01 00:00:00 +0000 UTC Valid:false}} Username:jinkai Password:jinkai}.
2025-02-14T16:13:58.714+0800	ERROR	service/user.go:92	Error: username conflict. Info: user_info=&{Model:{ID:13 CreatedAt:0001-01-01 00:00:00 +0000 UTC UpdatedAt:0001-01-01 00:00:00 +0000 UTC DeletedAt:{Time:0001-01-01 00:00:00 +0000 UTC Valid:false}} Username:jinkai Password:jinkai}.
2025-02-14T16:14:14.055+0800	ERROR	service/user.go:92	Error: username conflict. Info: user_info=&{Model:{ID:13 CreatedAt:0001-01-01 00:00:00 +0000 UTC UpdatedAt:0001-01-01 00:00:00 +0000 UTC DeletedAt:{Time:0001-01-01 00:00:00 +0000 UTC Valid:false}} Username:jinkai Password:jinkai}.
2025-02-14T16:16:33.561+0800	ERROR	service/user.go:92	Error: username conflict. Info: user_info=&{Model:{ID:13 CreatedAt:0001-01-01 00:00:00 +0000 UTC UpdatedAt:0001-01-01 00:00:00 +0000 UTC DeletedAt:{Time:0001-01-01 00:00:00 +0000 UTC Valid:false}} Username:jinkai Password:jinkai}.
2025-02-14T16:18:06.306+0800	ERROR	service/user.go:92	Error: username conflict. Info: user_info=&{Model:{ID:13 CreatedAt:0001-01-01 00:00:00 +0000 UTC UpdatedAt:0001-01-01 00:00:00 +0000 UTC DeletedAt:{Time:0001-01-01 00:00:00 +0000 UTC Valid:false}} Username:jinkai Password:jinkai}.
2025-02-14T16:18:46.425+0800	ERROR	service/user.go:92	Error: username conflict. Info: user_info=&{Model:{ID:13 CreatedAt:0001-01-01 00:00:00 +0000 UTC UpdatedAt:0001-01-01 00:00:00 +0000 UTC DeletedAt:{Time:0001-01-01 00:00:00 +0000 UTC Valid:false}} Username:jinkai Password:jinkai}.
2025-02-14T16:20:39.799+0800	ERROR	service/user.go:92	Error: username conflict. Info: user_info=&{Model:{ID:13 CreatedAt:0001-01-01 00:00:00 +0000 UTC UpdatedAt:0001-01-01 00:00:00 +0000 UTC DeletedAt:{Time:0001-01-01 00:00:00 +0000 UTC Valid:false}} Username:jinkai Password:jinkai}.
2025-02-14T16:24:34.991+0800	ERROR	service/user.go:92	Error: username conflict. Info: user_info=&{Model:{ID:13 CreatedAt:0001-01-01 00:00:00 +0000 UTC UpdatedAt:0001-01-01 00:00:00 +0000 UTC DeletedAt:{Time:0001-01-01 00:00:00 +0000 UTC Valid:false}} Username:jinkai Password:jinkai}.
2025-02-14T16:27:49.292+0800	ERROR	service/user.go:92	Error: username conflict. Info: user_info=&{Model:{ID:13 CreatedAt:0001-01-01 00:00:00 +0000 UTC UpdatedAt:0001-01-01 00:00:00 +0000 UTC DeletedAt:{Time:0001-01-01 00:00:00 +0000 UTC Valid:false}} Username:jinkai Password:jinkai}.
2025-02-14T16:28:23.960+0800	ERROR	service/user.go:92	Error: username conflict. Info: user_info=&{Model:{ID:13 CreatedAt:0001-01-01 00:00:00 +0000 UTC UpdatedAt:0001-01-01 00:00:00 +0000 UTC DeletedAt:{Time:0001-01-01 00:00:00 +0000 UTC Valid:false}} Username:jinkai Password:jinkai}.
2025-02-14T16:28:56.555+0800	ERROR	service/user.go:92	Error: username conflict. Info: user_info=&{Model:{ID:13 CreatedAt:0001-01-01 00:00:00 +0000 UTC UpdatedAt:0001-01-01 00:00:00 +0000 UTC DeletedAt:{Time:0001-01-01 00:00:00 +0000 UTC Valid:false}} Username:jinkai Password:jinkai}.
2025-02-14T16:30:21.204+0800	ERROR	service/user.go:92	Error: username conflict. Info: user_info=&{Model:{ID:13 CreatedAt:0001-01-01 00:00:00 +0000 UTC UpdatedAt:0001-01-01 00:00:00 +0000 UTC DeletedAt:{Time:0001-01-01 00:00:00 +0000 UTC Valid:false}} Username:jinkai Password:jinkai}.
2025-02-14T16:30:49.470+0800	ERROR	service/user.go:92	Error: username conflict. Info: user_info=&{Model:{ID:13 CreatedAt:0001-01-01 00:00:00 +0000 UTC UpdatedAt:0001-01-01 00:00:00 +0000 UTC DeletedAt:{Time:0001-01-01 00:00:00 +0000 UTC Valid:false}} Username:jinkai Password:jinkai}.
2025-03-01T17:25:53.013+0800	ERROR	rpchandler/handler.go:78	Error: unmarshall json data error. Info: error=json: Unmarshal(nil *db.Event).
2025-03-01T17:26:47.592+0800	ERROR	rpchandler/handler.go:78	Error: unmarshall json data error. Info: error=json: Unmarshal(nil *db.Event).
2025-03-01T17:28:07.155+0800	ERROR	rpchandler/handler.go:78	Error: unmarshall json data error. Info: error=json: Unmarshal(nil *db.Event).
2025-03-01T17:30:30.079+0800	ERROR	rpchandler/handler.go:78	Error: unmarshall json data error. Info: error=json: Unmarshal(nil *db.Event).
2025-03-01T17:31:36.911+0800	ERROR	rpchandler/handler.go:79	Error: unmarshall json data error. Info: error=json: Unmarshal(nil *db.Event).
2025-03-01T17:40:22.941+0800	ERROR	rpchandler/handler.go:82	Error: unmarshall json data error. Info: error=json: Unmarshal(nil *struct { EventName string "json:\"event_name\""; EventParams json.RawMessage "json:\"event_params\"" }).
2025-03-01T17:41:01.102+0800	ERROR	rpchandler/handler.go:82	Error: unmarshall json data error. Info: error=json: Unmarshal(nil *struct { EventName string "json:\"event_name\""; EventParams json.RawMessage "json:\"event_params\"" }).
2025-03-01T17:42:20.379+0800	ERROR	rpchandler/handler.go:82	Error: unmarshall json data error. Info: error=json: Unmarshal(nil *struct { EventName string "json:\"event_name\""; EventParams json.RawMessage "json:\"event_params\"" }).
2025-03-01T17:48:36.394+0800	ERROR	rpchandler/handler.go:83	Error: unmarshall json data error. Info: error=json: Unmarshal(nil *struct { EventName string "json:\"event_name\""; EventParams json.RawMessage "json:\"event_params\"" }).
2025-03-01T17:55:59.635+0800	ERROR	rpchandler/handler.go:84	Error: unmarshall json data error. Info: error=json: Unmarshal(nil *struct { EventName string "json:\"event_name\""; EventParams string "json:\"event_params\"" }).
2025-03-01T18:05:41.889+0800	ERROR	rpchandler/handler.go:84	Error: unmarshall json data error. Info: error=json: Unmarshal(nil *struct { EventName string "json:\"event_name\""; EventParams string "json:\"event_params\"" }).
2025-03-01T18:10:35.466+0800	ERROR	rpchandler/handler.go:105	Error: add event error. Info: error=Error 1146 (42S02): Table 'db_commerce.Event' doesn't exist.
2025-03-01T18:11:38.412+0800	ERROR	rpchandler/handler.go:105	Error: add event error. Info: error=Error 1146 (42S02): Table 'db_commerce.Event' doesn't exist.
2025-03-01T18:17:04.110+0800	ERROR	rpchandler/handler.go:105	Error: add event error. Info: error=Error 1062 (23000): Duplicate entry 'click_event' for key 'Event.idx_event_name'.
2025-03-03T17:47:14.925+0800	ERROR	rpchandler/handler.go:225	Error: delete events error. Info: error=record not found.
